  소스.cpp
C:\Users\user\Desktop\practice\ch6\ch6\example8.h(16,10): error C2082: 'n' 정식 매개 변수 재정의
C:\Users\user\Desktop\practice\ch6\ch6\소스.cpp(3,17): error C2572: 'Sum': 기본 인수 재정의. 매개 변수 1
C:\Users\user\Desktop\practice\ch6\ch6\example8.h(49): message : 'Sum' 선언을 참조하십시오.
C:\Users\user\Desktop\practice\ch6\ch6\소스.cpp(3,28): error C2572: 'Sum': 기본 인수 재정의. 매개 변수 2
C:\Users\user\Desktop\practice\ch6\ch6\example8.h(49): message : 'Sum' 선언을 참조하십시오.
C:\Users\user\Desktop\practice\ch6\ch6\소스.cpp(3,39): error C2572: 'Sum': 기본 인수 재정의. 매개 변수 3
C:\Users\user\Desktop\practice\ch6\ch6\example8.h(49): message : 'Sum' 선언을 참조하십시오.
C:\Users\user\Desktop\practice\ch6\ch6\소스.cpp(3,5): error C2084: 'int Sum(int,int,int)' 함수에 이미 본문이 있습니다.
C:\Users\user\Desktop\practice\ch6\ch6\example8.h(49): message : 'Sum'의 이전 정의를 참조하십시오.
C:\Users\user\Desktop\practice\ch6\ch6\소스.cpp(9,1): warning C4326: 'main'의 반환 형식이 'int'이어야 하는데 'void'입니다.
C:\Users\user\Desktop\practice\ch6\ch6\소스.cpp(10,10): error C2065: 'Sum': 선언되지 않은 식별자입니다.
C:\Users\user\Desktop\practice\ch6\ch6\소스.cpp(10,23): error C2568: '<<': 함수 오버로드를 확인할 수 없습니다.
C:\Users\user\Desktop\practice\ch6\ch6\소스.cpp(10,23): message : 'int Sum(int,int,int)'일 수 있습니다.
C:\Users\user\Desktop\practice\ch6\ch6\소스.cpp(11,10): error C2065: 'Sum': 선언되지 않은 식별자입니다.
C:\Users\user\Desktop\practice\ch6\ch6\소스.cpp(11,20): error C2568: '<<': 함수 오버로드를 확인할 수 없습니다.
C:\Users\user\Desktop\practice\ch6\ch6\소스.cpp(11,20): message : 'int Sum(int,int,int)'일 수 있습니다.
C:\Users\user\Desktop\practice\ch6\ch6\소스.cpp(12,10): error C2065: 'Sum': 선언되지 않은 식별자입니다.
C:\Users\user\Desktop\practice\ch6\ch6\소스.cpp(12,17): error C2568: '<<': 함수 오버로드를 확인할 수 없습니다.
C:\Users\user\Desktop\practice\ch6\ch6\소스.cpp(12,17): message : 'int Sum(int,int,int)'일 수 있습니다.
C:\Users\user\Desktop\practice\ch6\ch6\소스.cpp(13,10): error C2065: 'Sum': 선언되지 않은 식별자입니다.
C:\Users\user\Desktop\practice\ch6\ch6\소스.cpp(13,16): error C2568: '<<': 함수 오버로드를 확인할 수 없습니다.
C:\Users\user\Desktop\practice\ch6\ch6\소스.cpp(13,16): message : 'int Sum(int,int,int)'일 수 있습니다.
